<testsuites id="" name="" tests="1" failures="0" skipped="0" errors="0" time="58.30268100000001">
<testsuite name="compare-deployments.spec.ts" timestamp="2025-09-25T03:59:18.641Z" hostname="chromium" tests="1" failures="0" skipped="0" time="25.222" errors="0">
<testcase name="Compare GitHub Pages vs Local Deployment › Visual comparison of both deployments" classname="compare-deployments.spec.ts" time="25.222">
<system-out>
<![CDATA[📸 Capturing GitHub Pages version...
GitHub Pages Title: Stealth Learning Games - Fun Education for Kids
GitHub Pages has errors: [33mfalse[39m
GitHub Pages content preview: 
    
    
      🎮
      Stealth Learning Games
      
        
      
    
    
    
    
    
    
    
      // Single Page Apps for GitHub Pages
      // https://github.com/rafgraph/spa-github-pa
📸 Capturing Local Dev version...
Local Dev Title: Stealth Learning Games - Fun Education for Kids
Local Dev has errors: [33mfalse[39m
Local Dev content preview: 
    
    
      🎮
      Stealth Learning Games
      
        
      
    
    
    
    
        @keyframes gradient {
          0% { background-position: 0% 50%; }
          50% { background-posit

🔍 COMPARISON RESULTS:
=======================
Titles match: [33mtrue[39m
Error count match: [33mtrue[39m
Content length difference: [33m934[39m

🔐 Testing Authentication...

📊 Screenshots saved to e2e/screenshots/
Please review the screenshots to see the differences.
]]>
</system-out>
</testcase>
</testsuite>
</testsuites>